14:41:15 **** インクリメンタル・ビルド of configuration Debug for project mcp92 ****
Info: Internal Builder is used for build
g++ -D_MSC_VER=1 "-ID:\\MyDocument\\GitHub\\modernCPP\\mcp11\\mcp92\\hash-library" -O0 -g3 -Wall -c -fmessage-length=0 -o "hash-library\\md5.o" "..\\hash-library\\md5.cpp" 
g++ -D_MSC_VER=1 -O0 -g3 -Wall -c -fmessage-length=0 -o 92.o "..\\92.cpp" 
..\92.cpp:7:17: fatal error: md5.h: No such file or directory
 #include <md5.h>
                 ^
compilation terminated.
Info: Nothing to build for mcp88
Info: Nothing to build for mcp89
14:41:58 **** インクリメンタル・ビルド of configuration Debug for project mcp92 ****
Info: Internal Builder is used for build
g++ -D_MSC_VER=1 -O0 -g3 -Wall -c -fmessage-length=0 -o 92.o "..\\92.cpp" 
..\92.cpp:7:17: fatal error: md5.h: No such file or directory
 #include "md5.h"
                 ^
compilation terminated.
Info: Nothing to build for mcp88
Info: Nothing to build for mcp89
14:42:16 **** インクリメンタル・ビルド of configuration Debug for project mcp92 ****
Info: Internal Builder is used for build
g++ -D_MSC_VER=1 -O0 -g3 -Wall -c -fmessage-length=0 -o 92.o "..\\92.cpp" 
..\92.cpp:7:17: fatal error: md5.h: No such file or directory
 #include "md5.h"
                 ^
compilation terminated.
Info: Nothing to build for mcp88
Info: Nothing to build for mcp89
14:42:50 **** インクリメンタル・ビルド of configuration Debug for project mcp92 ****
Info: Internal Builder is used for build
g++ -D_MSC_VER=1 "-ID:\\MyDocument\\GitHub\\modernCPP\\mcp11\\mcp92\\hash-library" -O0 -g3 -Wall -c -fmessage-length=0 -o "hash-library\\keccak.o" "..\\hash-library\\keccak.cpp" 
g++ -D_MSC_VER=1 "-ID:\\MyDocument\\GitHub\\modernCPP\\mcp11\\mcp92\\hash-library" -O0 -g3 -Wall -c -fmessage-length=0 -o "hash-library\\crc32.o" "..\\hash-library\\crc32.cpp" 
g++ -D_MSC_VER=1 "-ID:\\MyDocument\\GitHub\\modernCPP\\mcp11\\mcp92\\hash-library" -O0 -g3 -Wall -c -fmessage-length=0 -o "hash-library\\sha3.o" "..\\hash-library\\sha3.cpp" 
g++ -D_MSC_VER=1 "-ID:\\MyDocument\\GitHub\\modernCPP\\mcp11\\mcp92\\hash-library" -O0 -g3 -Wall -c -fmessage-length=0 -o "hash-library\\digest.o" "..\\hash-library\\digest.cpp" 
g++ -D_MSC_VER=1 "-ID:\\MyDocument\\GitHub\\modernCPP\\mcp11\\mcp92\\hash-library" -O0 -g3 -Wall -c -fmessage-length=0 -o "hash-library\\sha1.o" "..\\hash-library\\sha1.cpp" 
g++ -D_MSC_VER=1 "-ID:\\MyDocument\\GitHub\\modernCPP\\mcp11\\mcp92\\hash-library" -O0 -g3 -Wall -c -fmessage-length=0 -o 92.o "..\\92.cpp" 
..\92.cpp: In function 'int main(int, char**)':
..\92.cpp:24:23: error: no matching function for call to 'std::__cxx11::basic_string<char>::basic_string(std::fpos<int>&)'
  std::string data(size);
                       ^
In file included from D:/downloads/pleiades/eclipse/mingw/lib/gcc/x86_64-w64-mingw32/6.3.0/include/c++/string:52:0,
                 from D:\MyDocument\GitHub\modernCPP\mcp11\mcp92\hash-library/md5.h:10,
                 from ..\92.cpp:7:
D:/downloads/pleiades/eclipse/mingw/lib/gcc/x86_64-w64-mingw32/6.3.0/include/c++/bits/basic_string.h:549:9: note: candidate: template<class _InputIterator, class> std::__cxx11::basic_string<_CharT, _Traits, _Alloc>::basic_string(_InputIterator, _InputIterator, const _Alloc&)
         basic_string(_InputIterator __beg, _InputIterator __end,
         ^~~~~~~~~~~~
D:/downloads/pleiades/eclipse/mingw/lib/gcc/x86_64-w64-mingw32/6.3.0/include/c++/bits/basic_string.h:549:9: note:   template argument deduction/substitution failed:
..\92.cpp:24:23: note:   candidate expects 3 arguments, 1 provided
  std::string data(size);
                       ^
In file included from D:/downloads/pleiades/eclipse/mingw/lib/gcc/x86_64-w64-mingw32/6.3.0/include/c++/string:52:0,
                 from D:\MyDocument\GitHub\modernCPP\mcp11\mcp92\hash-library/md5.h:10,
                 from ..\92.cpp:7:
D:/downloads/pleiades/eclipse/mingw/lib/gcc/x86_64-w64-mingw32/6.3.0/include/c++/bits/basic_string.h:511:7: note: candidate: std::__cxx11::basic_string<_CharT, _Traits, _Alloc>::basic_string(std::__cxx11::basic_string<_CharT, _Traits, _Alloc>&&, const _Alloc&) [with _CharT = char; _Traits = std::char_traits<char>; _Alloc = std::allocator<char>]
       basic_string(basic_string&& __str, const _Alloc& __a)
       ^~~~~~~~~~~~
D:/downloads/pleiades/eclipse/mingw/lib/gcc/x86_64-w64-mingw32/6.3.0/include/c++/bits/basic_string.h:511:7: note:   candidate expects 2 arguments, 1 provided
D:/downloads/pleiades/eclipse/mingw/lib/gcc/x86_64-w64-mingw32/6.3.0/include/c++/bits/basic_string.h:507:7: note: candidate: std::__cxx11::basic_string<_CharT, _Traits, _Alloc>::basic_string(const std::__cxx11::basic_string<_CharT, _Traits, _Alloc>&, const _Alloc&) [with _CharT = char; _Traits = std::char_traits<char>; _Alloc = std::allocator<char>]
       basic_string(const basic_string& __str, const _Alloc& __a)
       ^~~~~~~~~~~~
D:/downloads/pleiades/eclipse/mingw/lib/gcc/x86_64-w64-mingw32/6.3.0/include/c++/bits/basic_string.h:507:7: note:   candidate expects 2 arguments, 1 provided
D:/downloads/pleiades/eclipse/mingw/lib/gcc/x86_64-w64-mingw32/6.3.0/include/c++/bits/basic_string.h:503:7: note: candidate: std::__cxx11::basic_string<_CharT, _Traits, _Alloc>::basic_string(std::initializer_list<_Tp>, const _Alloc&) [with _CharT = char; _Traits = std::char_traits<char>; _Alloc = std::allocator<char>]
       basic_string(initializer_list<_CharT> __l, const _Alloc& __a = _Alloc())
       ^~~~~~~~~~~~
D:/downloads/pleiades/eclipse/mingw/lib/gcc/x86_64-w64-mingw32/6.3.0/include/c++/bits/basic_string.h:503:7: note:   no known conversion for argument 1 from 'std::fpos<int>' to 'std::initializer_list<char>'
D:/downloads/pleiades/eclipse/mingw/lib/gcc/x86_64-w64-mingw32/6.3.0/include/c++/bits/basic_string.h:476:7: note: candidate: std::__cxx11::basic_string<_CharT, _Traits, _Alloc>::basic_string(std::__cxx11::basic_string<_CharT, _Traits, _Alloc>&&) [with _CharT = char; _Traits = std::char_traits<char>; _Alloc = std::allocator<char>]
       basic_string(basic_string&& __str) noexcept
       ^~~~~~~~~~~~
D:/downloads/pleiades/eclipse/mingw/lib/gcc/x86_64-w64-mingw32/6.3.0/include/c++/bits/basic_string.h:476:7: note:   no known conversion for argument 1 from 'std::fpos<int>' to 'std::__cxx11::basic_string<char>&&'
D:/downloads/pleiades/eclipse/mingw/lib/gcc/x86_64-w64-mingw32/6.3.0/include/c++/bits/basic_string.h:464:7: note: candidate: std::__cxx11::basic_string<_CharT, _Traits, _Alloc>::basic_string(std::__cxx11::basic_string<_CharT, _Traits, _Alloc>::size_type, _CharT, const _Alloc&) [with _CharT = char; _Traits = std::char_traits<char>; _Alloc = std::allocator<char>; std::__cxx11::basic_string<_CharT, _Traits, _Alloc>::size_type = long long unsigned int]
       basic_string(size_type __n, _CharT __c, const _Alloc& __a = _Alloc())
       ^~~~~~~~~~~~
D:/downloads/pleiades/eclipse/mingw/lib/gcc/x86_64-w64-mingw32/6.3.0/include/c++/bits/basic_string.h:464:7: note:   candidate expects 3 arguments, 1 provided
D:/downloads/pleiades/eclipse/mingw/lib/gcc/x86_64-w64-mingw32/6.3.0/include/c++/bits/basic_string.h:454:7: note: candidate: std::__cxx11::basic_string<_CharT, _Traits, _Alloc>::basic_string(const _CharT*, const _Alloc&) [with _CharT = char; _Traits = std::char_traits<char>; _Alloc = std::allocator<char>] <near match>
       basic_string(const _CharT* __s, const _Alloc& __a = _Alloc())
       ^~~~~~~~~~~~
D:/downloads/pleiades/eclipse/mingw/lib/gcc/x86_64-w64-mingw32/6.3.0/include/c++/bits/basic_string.h:454:7: note:   conversion of argument 1 would be ill-formed:
..\92.cpp:24:23: error: invalid user-defined conversion from 'std::fpos<int>' to 'const char*' [-fpermissive]
  std::string data(size);
                       ^
In file included from D:/downloads/pleiades/eclipse/mingw/lib/gcc/x86_64-w64-mingw32/6.3.0/include/c++/bits/char_traits.h:40:0,
                 from D:/downloads/pleiades/eclipse/mingw/lib/gcc/x86_64-w64-mingw32/6.3.0/include/c++/string:40,
                 from D:\MyDocument\GitHub\modernCPP\mcp11\mcp92\hash-library/md5.h:10,
                 from ..\92.cpp:7:
D:/downloads/pleiades/eclipse/mingw/lib/gcc/x86_64-w64-mingw32/6.3.0/include/c++/bits/postypes.h:137:7: note: candidate is: std::fpos<_StateT>::operator std::streamoff() const [with _StateT = int; std::streamoff = long long int] <near match>
       operator streamoff() const { return _M_off; }
       ^~~~~~~~
D:/downloads/pleiades/eclipse/mingw/lib/gcc/x86_64-w64-mingw32/6.3.0/include/c++/bits/postypes.h:137:7: note:   no known conversion from 'std::streamoff {aka long long int}' to 'const char*'
In file included from D:/downloads/pleiades/eclipse/mingw/lib/gcc/x86_64-w64-mingw32/6.3.0/include/c++/string:52:0,
                 from D:\MyDocument\GitHub\modernCPP\mcp11\mcp92\hash-library/md5.h:10,
                 from ..\92.cpp:7:
D:/downloads/pleiades/eclipse/mingw/lib/gcc/x86_64-w64-mingw32/6.3.0/include/c++/bits/basic_string.h:444:7: note: candidate: std::__cxx11::basic_string<_CharT, _Traits, _Alloc>::basic_string(const _CharT*, std::__cxx11::basic_string<_CharT, _Traits, _Alloc>::size_type, const _Alloc&) [with _CharT = char; _Traits = std::char_traits<char>; _Alloc = std::allocator<char>; std::__cxx11::basic_string<_CharT, _Traits, _Alloc>::size_type = long long unsigned int]
       basic_string(const _CharT* __s, size_type __n,
       ^~~~~~~~~~~~
D:/downloads/pleiades/eclipse/mingw/lib/gcc/x86_64-w64-mingw32/6.3.0/include/c++/bits/basic_string.h:444:7: note:   candidate expects 3 arguments, 1 provided
D:/downloads/pleiades/eclipse/mingw/lib/gcc/x86_64-w64-mingw32/6.3.0/include/c++/bits/basic_string.h:426:7: note: candidate: std::__cxx11::basic_string<_CharT, _Traits, _Alloc>::basic_string(const std::__cxx11::basic_string<_CharT, _Traits, _Alloc>&, std::__cxx11::basic_string<_CharT, _Traits, _Alloc>::size_type, std::__cxx11::basic_string<_CharT, _Traits, _Alloc>::size_type, const _Alloc&) [with _CharT = char; _Traits = std::char_traits<char>; _Alloc = std::allocator<char>; std::__cxx11::basic_string<_CharT, _Traits, _Alloc>::size_type = long long unsigned int]
       basic_string(const basic_string& __str, size_type __pos,
       ^~~~~~~~~~~~
D:/downloads/pleiades/eclipse/mingw/lib/gcc/x86_64-w64-mingw32/6.3.0/include/c++/bits/basic_string.h:426:7: note:   candidate expects 4 arguments, 1 provided
D:/downloads/pleiades/eclipse/mingw/lib/gcc/x86_64-w64-mingw32/6.3.0/include/c++/bits/basic_string.h:410:7: note: candidate: std::__cxx11::basic_string<_CharT, _Traits, _Alloc>::basic_string(const std::__cxx11::basic_string<_CharT, _Traits, _Alloc>&, std::__cxx11::basic_string<_CharT, _Traits, _Alloc>::size_type, std::__cxx11::basic_string<_CharT, _Traits, _Alloc>::size_type) [with _CharT = char; _Traits = std::char_traits<char>; _Alloc = std::allocator<char>; std::__cxx11::basic_string<_CharT, _Traits, _Alloc>::size_type = long long unsigned int]
       basic_string(const basic_string& __str, size_type __pos,
       ^~~~~~~~~~~~
D:/downloads/pleiades/eclipse/mingw/lib/gcc/x86_64-w64-mingw32/6.3.0/include/c++/bits/basic_string.h:410:7: note:   candidate expects 3 arguments, 1 provided
D:/downloads/pleiades/eclipse/mingw/lib/gcc/x86_64-w64-mingw32/6.3.0/include/c++/bits/basic_string.h:397:7: note: candidate: std::__cxx11::basic_string<_CharT, _Traits, _Alloc>::basic_string(const std::__cxx11::basic_string<_CharT, _Traits, _Alloc>&) [with _CharT = char; _Traits = std::char_traits<char>; _Alloc = std::allocator<char>]
       basic_string(const basic_string& __str)
       ^~~~~~~~~~~~
D:/downloads/pleiades/eclipse/mingw/lib/gcc/x86_64-w64-mingw32/6.3.0/include/c++/bits/basic_string.h:397:7: note:   no known conversion for argument 1 from 'std::fpos<int>' to 'const std::__cxx11::basic_string<char>&'
D:/downloads/pleiades/eclipse/mingw/lib/gcc/x86_64-w64-mingw32/6.3.0/include/c++/bits/basic_string.h:389:7: note: candidate: std::__cxx11::basic_string<_CharT, _Traits, _Alloc>::basic_string(const _Alloc&) [with _CharT = char; _Traits = std::char_traits<char>; _Alloc = std::allocator<char>]
       basic_string(const _Alloc& __a) _GLIBCXX_NOEXCEPT
       ^~~~~~~~~~~~
D:/downloads/pleiades/eclipse/mingw/lib/gcc/x86_64-w64-mingw32/6.3.0/include/c++/bits/basic_string.h:389:7: note:   no known conversion for argument 1 from 'std::fpos<int>' to 'const std::allocator<char>&'
D:/downloads/pleiades/eclipse/mingw/lib/gcc/x86_64-w64-mingw32/6.3.0/include/c++/bits/basic_string.h:380:7: note: candidate: std::__cxx11::basic_string<_CharT, _Traits, _Alloc>::basic_string() [with _CharT = char; _Traits = std::char_traits<char>; _Alloc = std::allocator<char>]
       basic_string()
       ^~~~~~~~~~~~
D:/downloads/pleiades/eclipse/mingw/lib/gcc/x86_64-w64-mingw32/6.3.0/include/c++/bits/basic_string.h:380:7: note:   candidate expects 0 arguments, 1 provided
Info: Nothing to build for mcp88
Info: Nothing to build for mcp89
14:44:12 **** インクリメンタル・ビルド of configuration Debug for project mcp92 ****
Info: Internal Builder is used for build
g++ -D_MSC_VER=1 "-ID:\\MyDocument\\GitHub\\modernCPP\\mcp11\\mcp92\\hash-library" -O0 -g3 -Wall -c -fmessage-length=0 -o 92.o "..\\92.cpp" 
g++ -D_MSC_VER=1 "-ID:\\MyDocument\\GitHub\\modernCPP\\mcp11\\mcp92\\hash-library" -O0 -g3 -Wall -c -fmessage-length=0 -o "hash-library\\sha256.o" "..\\hash-library\\sha256.cpp" 
g++ -D_MSC_VER=1 "-ID:\\MyDocument\\GitHub\\modernCPP\\mcp11\\mcp92\\hash-library" -O0 -g3 -Wall -c -fmessage-length=0 -o "hash-library\\md5.o" "..\\hash-library\\md5.cpp" 
g++ -o mcp92.exe 92.o "hash-library\\crc32.o" "hash-library\\digest.o" "hash-library\\keccak.o" "hash-library\\md5.o" "hash-library\\sha1.o" "hash-library\\sha256.o" "hash-library\\sha3.o" 
hash-library\digest.o: In function `main':
D:\MyDocument\GitHub\modernCPP\mcp11\mcp92\Debug/../hash-library/digest.cpp:21: multiple definition of `main'
92.o:D:\MyDocument\GitHub\modernCPP\mcp11\mcp92\Debug/../92.cpp:15: first defined here
collect2.exe: error: ld returned 1 exit status
Info: Nothing to build for mcp88
Info: Nothing to build for mcp89
14:44:30 **** インクリメンタル・ビルド of configuration Debug for project mcp92 ****
Info: Internal Builder is used for build
g++ -D_MSC_VER=1 "-ID:\\MyDocument\\GitHub\\modernCPP\\mcp11\\mcp92\\hash-library" -O0 -g3 -Wall -c -fmessage-length=0 -o "hash-library\\sha256.o" "..\\hash-library\\sha256.cpp" 
g++ -D_MSC_VER=1 "-ID:\\MyDocument\\GitHub\\modernCPP\\mcp11\\mcp92\\hash-library" -O0 -g3 -Wall -c -fmessage-length=0 -o "hash-library\\sha1.o" "..\\hash-library\\sha1.cpp" 
g++ -D_MSC_VER=1 "-ID:\\MyDocument\\GitHub\\modernCPP\\mcp11\\mcp92\\hash-library" -O0 -g3 -Wall -c -fmessage-length=0 -o "hash-library\\sha3.o" "..\\hash-library\\sha3.cpp" 
g++ -D_MSC_VER=1 "-ID:\\MyDocument\\GitHub\\modernCPP\\mcp11\\mcp92\\hash-library" -O0 -g3 -Wall -c -fmessage-length=0 -o "hash-library\\crc32.o" "..\\hash-library\\crc32.cpp" 
g++ -D_MSC_VER=1 "-ID:\\MyDocument\\GitHub\\modernCPP\\mcp11\\mcp92\\hash-library" -O0 -g3 -Wall -c -fmessage-length=0 -o "hash-library\\keccak.o" "..\\hash-library\\keccak.cpp" 
g++ -D_MSC_VER=1 "-ID:\\MyDocument\\GitHub\\modernCPP\\mcp11\\mcp92\\hash-library" -O0 -g3 -Wall -c -fmessage-length=0 -o 92.o "..\\92.cpp" 
g++ -D_MSC_VER=1 "-ID:\\MyDocument\\GitHub\\modernCPP\\mcp11\\mcp92\\hash-library" -O0 -g3 -Wall -c -fmessage-length=0 -o "hash-library\\digest.o" "..\\hash-library\\digest.cpp" 
g++ -D_MSC_VER=1 "-ID:\\MyDocument\\GitHub\\modernCPP\\mcp11\\mcp92\\hash-library" -O0 -g3 -Wall -c -fmessage-length=0 -o "hash-library\\md5.o" "..\\hash-library\\md5.cpp" 
g++ -o mcp92.exe 92.o "hash-library\\crc32.o" "hash-library\\digest.o" "hash-library\\keccak.o" "hash-library\\md5.o" "hash-library\\sha1.o" "hash-library\\sha256.o" "hash-library\\sha3.o" 
hash-library\digest.o: In function `main':
D:\MyDocument\GitHub\modernCPP\mcp11\mcp92\Debug/../hash-library/digest.cpp:21: multiple definition of `main'
92.o:D:\MyDocument\GitHub\modernCPP\mcp11\mcp92\Debug/../92.cpp:15: first defined here
collect2.exe: error: ld returned 1 exit status
Info: Nothing to build for mcp88
Info: Nothing to build for mcp89
14:45:19 **** インクリメンタル・ビルド of configuration Debug for project mcp92 ****
Info: Internal Builder is used for build
g++ -D_MSC_VER=1 "-ID:\\MyDocument\\GitHub\\modernCPP\\mcp11\\mcp92\\hash-library" -O0 -g3 -Wall -c -fmessage-length=0 -o "hash-library\\sha3.o" "..\\hash-library\\sha3.cpp" 
g++ -D_MSC_VER=1 "-ID:\\MyDocument\\GitHub\\modernCPP\\mcp11\\mcp92\\hash-library" -O0 -g3 -Wall -c -fmessage-length=0 -o 92.o "..\\92.cpp" 
g++ -D_MSC_VER=1 "-ID:\\MyDocument\\GitHub\\modernCPP\\mcp11\\mcp92\\hash-library" -O0 -g3 -Wall -c -fmessage-length=0 -o "hash-library\\sha1.o" "..\\hash-library\\sha1.cpp" 
g++ -D_MSC_VER=1 "-ID:\\MyDocument\\GitHub\\modernCPP\\mcp11\\mcp92\\hash-library" -O0 -g3 -Wall -c -fmessage-length=0 -o "hash-library\\md5.o" "..\\hash-library\\md5.cpp" 
g++ -D_MSC_VER=1 "-ID:\\MyDocument\\GitHub\\modernCPP\\mcp11\\mcp92\\hash-library" -O0 -g3 -Wall -c -fmessage-length=0 -o "hash-library\\sha256.o" "..\\hash-library\\sha256.cpp" 
g++ -D_MSC_VER=1 "-ID:\\MyDocument\\GitHub\\modernCPP\\mcp11\\mcp92\\hash-library" -O0 -g3 -Wall -c -fmessage-length=0 -o "hash-library\\keccak.o" "..\\hash-library\\keccak.cpp" 
g++ -D_MSC_VER=1 "-ID:\\MyDocument\\GitHub\\modernCPP\\mcp11\\mcp92\\hash-library" -O0 -g3 -Wall -c -fmessage-length=0 -o "hash-library\\crc32.o" "..\\hash-library\\crc32.cpp" 
g++ -D_MSC_VER=1 "-ID:\\MyDocument\\GitHub\\modernCPP\\mcp11\\mcp92\\hash-library" -O0 -g3 -Wall -c -fmessage-length=0 -o "hash-library\\digest.o" "..\\hash-library\\digest.cpp" 
g++ -o mcp92.exe 92.o "hash-library\\crc32.o" "hash-library\\digest.o" "hash-library\\keccak.o" "hash-library\\md5.o" "hash-library\\sha1.o" "hash-library\\sha256.o" "hash-library\\sha3.o" 
hash-library\digest.o: In function `main':
D:\MyDocument\GitHub\modernCPP\mcp11\mcp92\Debug/../hash-library/digest.cpp:21: multiple definition of `main'
92.o:D:\MyDocument\GitHub\modernCPP\mcp11\mcp92\Debug/../92.cpp:15: first defined here
collect2.exe: error: ld returned 1 exit status
Info: Nothing to build for mcp88
Info: Nothing to build for mcp89
14:45:45 **** インクリメンタル・ビルド of configuration Debug for project mcp92 ****
Info: Internal Builder is used for build
g++ -D_MSC_VER=1 "-ID:\\MyDocument\\GitHub\\modernCPP\\mcp11\\mcp92\\hash-library" -O0 -g3 -Wall -c -fmessage-length=0 -o "hash-library\\keccak.o" "..\\hash-library\\keccak.cpp" 
g++ -D_MSC_VER=1 "-ID:\\MyDocument\\GitHub\\modernCPP\\mcp11\\mcp92\\hash-library" -O0 -g3 -Wall -c -fmessage-length=0 -o "hash-library\\sha256.o" "..\\hash-library\\sha256.cpp" 
g++ -D_MSC_VER=1 "-ID:\\MyDocument\\GitHub\\modernCPP\\mcp11\\mcp92\\hash-library" -O0 -g3 -Wall -c -fmessage-length=0 -o 92.o "..\\92.cpp" 
g++ -D_MSC_VER=1 "-ID:\\MyDocument\\GitHub\\modernCPP\\mcp11\\mcp92\\hash-library" -O0 -g3 -Wall -c -fmessage-length=0 -o "hash-library\\md5.o" "..\\hash-library\\md5.cpp" 
g++ -D_MSC_VER=1 "-ID:\\MyDocument\\GitHub\\modernCPP\\mcp11\\mcp92\\hash-library" -O0 -g3 -Wall -c -fmessage-length=0 -o "hash-library\\sha1.o" "..\\hash-library\\sha1.cpp" 
g++ -D_MSC_VER=1 "-ID:\\MyDocument\\GitHub\\modernCPP\\mcp11\\mcp92\\hash-library" -O0 -g3 -Wall -c -fmessage-length=0 -o "hash-library\\sha3.o" "..\\hash-library\\sha3.cpp" 
g++ -D_MSC_VER=1 "-ID:\\MyDocument\\GitHub\\modernCPP\\mcp11\\mcp92\\hash-library" -O0 -g3 -Wall -c -fmessage-length=0 -o "hash-library\\crc32.o" "..\\hash-library\\crc32.cpp" 
g++ -o mcp92.exe 92.o "hash-library\\crc32.o" "hash-library\\keccak.o" "hash-library\\md5.o" "hash-library\\sha1.o" "hash-library\\sha256.o" "hash-library\\sha3.o" 
Info: Nothing to build for mcp89
Info: Nothing to build for mcp92
14:50:07 **** インクリメンタル・ビルド of configuration Debug for project mcp92 ****
Info: Internal Builder is used for build
g++ -D_MSC_VER=1 "-ID:\\MyDocument\\GitHub\\modernCPP\\mcp11\\mcp92\\hash-library" -O0 -g3 -Wall -c -fmessage-length=0 -o 92.o "..\\92.cpp" 
g++ -o mcp92.exe 92.o "hash-library\\crc32.o" "hash-library\\keccak.o" "hash-library\\md5.o" "hash-library\\sha1.o" "hash-library\\sha256.o" "hash-library\\sha3.o" 
