08:35:09 **** インクリメンタル・ビルド of configuration Debug for project mcp44 ****
Info: Internal Builder is used for build
g++ -O0 -g3 -Wall -c -fmessage-length=0 -o 44.o "..\\44.cpp" 
g++ -o mcp44.exe 44.o 
08:35:13 **** インクリメンタル・ビルド of configuration Debug for project mcp42 ****
Info: Internal Builder is used for build
g++ -O0 -g3 -Wall -c -fmessage-length=0 -o 42.o "..\\42.cpp" 
g++ -o mcp42.exe 42.o 
Info: Nothing to build for mcp44
08:36:27 **** インクリメンタル・ビルド of configuration Debug for project mcp44 ****
Info: Internal Builder is used for build
g++ -O0 -g3 -Wall -c -fmessage-length=0 -o 44.o "..\\44.cpp" 
g++ -o mcp44.exe 44.o 
08:36:45 **** インクリメンタル・ビルド of configuration Debug for project mcp44 ****
Info: Internal Builder is used for build
g++ -O0 -g3 -Wall -c -fmessage-length=0 -o 44.o "..\\44.cpp" 
g++ -o mcp44.exe 44.o 
09:03:25 **** インクリメンタル・ビルド of configuration Debug for project mcp44 ****
Info: Internal Builder is used for build
g++ -O0 -g3 -Wall -c -fmessage-length=0 -o 44.o "..\\44.cpp" 
g++ -o mcp44.exe 44.o 
09:03:36 **** インクリメンタル・ビルド of configuration Debug for project mcp44 ****
Info: Internal Builder is used for build
g++ -O0 -g3 -Wall -c -fmessage-length=0 -o 44.o "..\\44.cpp" 
g++ -o mcp44.exe 44.o 
